<?xml version="1.0" encoding="utf-8" standalone="no"?>
<test-run id="2" testcasecount="1" result="Failed" total="1" passed="0" failed="1" inconclusive="0" skipped="0" asserts="0" engine-version="3.4.1.0" clr-version="4.0.30319.42000" start-time="2016-07-19 19:29:36Z" end-time="2016-07-19 19:29:44Z" duration="7.900583">
  <command-line><![CDATA["C:\Kingston-Wharves-CodeRepos\UserManagementAPIv2\packages\NUnit.ConsoleRunner.3.4.1\tools\nunit3-console.exe"  .\UserManagement.Identity.UI.IntegrationTests\bin\Debug\UserManagement.Identity.UI.IntegrationTests.dll]]></command-line>
  <test-suite type="Assembly" id="0-1002" name="UserManagement.Identity.UI.IntegrationTests.dll" fullname="C:\Kingston-Wharves-CodeRepos\UserManagementAPIv2\UserManagement.Identity.UI.IntegrationTests\bin\Debug\UserManagement.Identity.UI.IntegrationTests.dll" runstate="Runnable" testcasecount="1" result="Failed" site="Child" start-time="2016-07-19 19:29:36Z" end-time="2016-07-19 19:29:44Z" duration="7.765578" total="1" passed="0" failed="1" inconclusive="0" skipped="0" asserts="0">
    <environment framework-version="3.4.1.0" clr-version="4.0.30319.42000" os-version="Microsoft Windows NT 6.1.7601 Service Pack 1" platform="Win32NT" cwd="C:\Kingston-Wharves-CodeRepos\UserManagementAPIv2" machine-name="OSPF" user="ChrisW" user-domain="KWLJM" culture="en-US" uiculture="en-US" os-architecture="x64" />
    <settings>
      <setting name="WorkDirectory" value="C:\Kingston-Wharves-CodeRepos\UserManagementAPIv2" />
      <setting name="ImageRuntimeVersion" value="4.0.30319" />
      <setting name="ImageTargetFrameworkName" value=".NETFramework,Version=v4.5.1" />
      <setting name="ImageRequiresX86" value="False" />
      <setting name="ImageRequiresDefaultAppDomainAssemblyResolver" value="False" />
      <setting name="NumberOfTestWorkers" value="4" />
    </settings>
    <properties>
      <property name="_PID" value="912" />
      <property name="_APPDOMAIN" value="test-domain-" />
    </properties>
    <failure>
      <message><![CDATA[One or more child tests had errors]]></message>
    </failure>
    <test-suite type="TestSuite" id="0-1003" name="UserManagement" fullname="UserManagement" runstate="Runnable" testcasecount="1" result="Failed" site="Child" start-time="2016-07-19 19:29:36Z" end-time="2016-07-19 19:29:44Z" duration="7.731344" total="1" passed="0" failed="1" inconclusive="0" skipped="0" asserts="0">
      <failure>
        <message><![CDATA[One or more child tests had errors]]></message>
      </failure>
      <test-suite type="TestSuite" id="0-1004" name="Identity" fullname="UserManagement.Identity" runstate="Runnable" testcasecount="1" result="Failed" site="Child" start-time="2016-07-19 19:29:36Z" end-time="2016-07-19 19:29:44Z" duration="7.729452" total="1" passed="0" failed="1" inconclusive="0" skipped="0" asserts="0">
        <failure>
          <message><![CDATA[One or more child tests had errors]]></message>
        </failure>
        <test-suite type="TestSuite" id="0-1005" name="UI" fullname="UserManagement.Identity.UI" runstate="Runnable" testcasecount="1" result="Failed" site="Child" start-time="2016-07-19 19:29:36Z" end-time="2016-07-19 19:29:44Z" duration="7.727773" total="1" passed="0" failed="1" inconclusive="0" skipped="0" asserts="0">
          <failure>
            <message><![CDATA[One or more child tests had errors]]></message>
          </failure>
          <test-suite type="TestSuite" id="0-1006" name="IntegrationTests" fullname="UserManagement.Identity.UI.IntegrationTests" runstate="Runnable" testcasecount="1" result="Failed" site="Child" start-time="2016-07-19 19:29:36Z" end-time="2016-07-19 19:29:44Z" duration="7.725974" total="1" passed="0" failed="1" inconclusive="0" skipped="0" asserts="0">
            <failure>
              <message><![CDATA[One or more child tests had errors]]></message>
            </failure>
            <test-suite type="TestFixture" id="0-1000" name="SignUpControllerTests" fullname="UserManagement.Identity.UI.IntegrationTests.SignUpControllerTests" classname="UserManagement.Identity.UI.IntegrationTests.SignUpControllerTests" runstate="Runnable" testcasecount="1" result="Failed" site="Child" start-time="2016-07-19 19:29:36Z" end-time="2016-07-19 19:29:44Z" duration="7.722230" total="1" passed="0" failed="1" inconclusive="0" skipped="0" asserts="0">
              <failure>
                <message><![CDATA[One or more child tests had errors]]></message>
              </failure>
              <test-case id="0-1001" name="SignUpIndividual_WithValidCredentials_IsSuccess" fullname="UserManagement.Identity.UI.IntegrationTests.SignUpControllerTests.SignUpIndividual_WithValidCredentials_IsSuccess" methodname="SignUpIndividual_WithValidCredentials_IsSuccess" classname="UserManagement.Identity.UI.IntegrationTests.SignUpControllerTests" runstate="Runnable" seed="1480334844" result="Failed" label="Error" start-time="2016-07-19 19:29:36Z" end-time="2016-07-19 19:29:44Z" duration="7.708773" asserts="0">
                <failure>
                  <message><![CDATA[OpenQA.Selenium.NoSuchElementException : no such element: Element was not in a form, so could not submit.
  (Session info: chrome=51.0.2704.103)
  (Driver info: chromedriver=2.22.397933 (1cab651507b88dec79b2b2a22d1943c01833cc1b),platform=Windows NT 6.1.7601 SP1 x86_64)]]></message>
                  <stack-trace><![CDATA[   at OpenQA.Selenium.Remote.RemoteWebDriver.UnpackAndThrowOnError(Response errorResponse)
   at OpenQA.Selenium.Remote.RemoteWebDriver.Execute(String driverCommandToExecute, Dictionary`2 parameters)
   at OpenQA.Selenium.Remote.RemoteWebElement.Submit()
   at UserManagement.Identity.UI.IntegrationTests.SignUpControllerTests.SignUpIndividual_WithValidCredentials_IsSuccess() in c:\Kingston-Wharves-CodeRepos\UserManagementAPIv2\UserManagement.Identity.UI.IntegrationTests\Class1.cs:line 40]]></stack-trace>
                </failure>
              </test-case>
            </test-suite>
          </test-suite>
        </test-suite>
      </test-suite>
    </test-suite>
  </test-suite>
</test-run>